d:\source-code\projects\visualstudio\qml\qt_webrtc\client\x64\debug\wsclient.obj
d:\source-code\projects\visualstudio\qml\qt_webrtc\client\x64\debug\tool_websocket.obj
d:\source-code\projects\visualstudio\qml\qt_webrtc\client\x64\debug\moc_tool_websocket.obj
d:\source-code\projects\visualstudio\qml\qt_webrtc\client\x64\debug\qrc_qml.obj
d:\source-code\projects\visualstudio\qml\qt_webrtc\client\x64\debug\conductor.obj
d:\source-code\projects\visualstudio\qml\qt_webrtc\client\x64\debug\main.obj
d:\source-code\projects\visualstudio\qml\qt_webrtc\client\x64\debug\moc_conductor.obj
d:\source-code\projects\visualstudio\qml\qt_webrtc\client\x64\debug\moc_wsclient.obj
d:\source-code\projects\visualstudio\qml\qt_webrtc\client\x64\debug\vc143.pdb
d:\source-code\projects\visualstudio\qml\qt_webrtc\client\x64\debug\webrtcsetsessiondescriptionobserver.obj
d:\source-code\projects\visualstudio\qml\qt_webrtc\client\x64\debug\webrtccreatesessiondescriptionobserver.obj
d:\source-code\projects\visualstudio\qml\qt_webrtc\client\x64\debug\webrtcpeerconnectionobserver.obj
d:\source-code\projects\visualstudio\qml\qt_webrtc\client\x64\debug\webrtcvideotracksource.obj
d:\source-code\projects\visualstudio\qml\qt_webrtc\client\x64\debug\webrtcvideosinkinterface.obj
d:\source-code\projects\visualstudio\qml\qt_webrtc\client\x64\debug\moc_webrtcsetsessiondescriptionobserver.obj
d:\source-code\projects\visualstudio\qml\qt_webrtc\client\x64\debug\moc_webrtcvideosinkinterface.obj
d:\source-code\projects\visualstudio\qml\qt_webrtc\client\x64\debug\moc_webrtccreatesessiondescriptionobserver.obj
d:\source-code\projects\visualstudio\qml\qt_webrtc\client\x64\debug\external_decoder.obj
d:\source-code\projects\visualstudio\qml\qt_webrtc\client\x64\debug\field_trial.obj
d:\source-code\projects\visualstudio\qml\qt_webrtc\client\x64\debug\vcm_capturer.obj
d:\source-code\projects\visualstudio\qml\qt_webrtc\client\x64\debug\d3d9_render.obj
d:\source-code\projects\visualstudio\qml\qt_webrtc\client\x64\debug\test_video_capturer.obj
d:\source-code\projects\visualstudio\qml\qt_webrtc\client\x64\debug\defaults.obj
d:\source-code\projects\visualstudio\qml\qt_webrtc\client\x64\debug\ffmpeg_video_decoder_factory.obj
d:\source-code\projects\visualstudio\qml\qt_webrtc\client\x64\debug\json.obj
d:\source-code\projects\visualstudio\qml\qt_webrtc\client\x64\debug\nv_encoder.obj
d:\source-code\projects\visualstudio\qml\qt_webrtc\client\x64\debug\external_video_decoder_factory.obj
d:\source-code\projects\visualstudio\qml\qt_webrtc\client\x64\debug\rcc\qrc_qml.cpp
d:\source-code\projects\visualstudio\qml\qt_webrtc\client\x64\debug\moc\moc_conductor.cpp
d:\source-code\projects\visualstudio\qml\qt_webrtc\client\x64\debug\moc\moc_wsclient.cpp
d:\source-code\projects\visualstudio\qml\qt_webrtc\client\x64\debug\moc\moc_tool_websocket.cpp
d:\source-code\projects\visualstudio\qml\qt_webrtc\client\x64\debug\moc\moc_webrtccreatesessiondescriptionobserver.cpp
d:\source-code\projects\visualstudio\qml\qt_webrtc\client\x64\debug\moc\moc_webrtcsetsessiondescriptionobserver.cpp
d:\source-code\projects\visualstudio\qml\qt_webrtc\client\x64\debug\moc\moc_webrtcvideosinkinterface.cpp
d:\source-code\projects\visualstudio\qml\qt_webrtc\x64\debug\client.exe
d:\source-code\projects\visualstudio\qml\qt_webrtc\x64\debug\client.ilk
d:\source-code\projects\visualstudio\qml\qt_webrtc\x64\debug\client.pdb
d:\source-code\projects\visualstudio\qml\qt_webrtc\client\x64\debug\client.tlog\cl.command.1.tlog
d:\source-code\projects\visualstudio\qml\qt_webrtc\client\x64\debug\client.tlog\cl.items.tlog
d:\source-code\projects\visualstudio\qml\qt_webrtc\client\x64\debug\client.tlog\cl.read.1.tlog
d:\source-code\projects\visualstudio\qml\qt_webrtc\client\x64\debug\client.tlog\cl.write.1.tlog
d:\source-code\projects\visualstudio\qml\qt_webrtc\client\x64\debug\client.tlog\client.write.1u.tlog
d:\source-code\projects\visualstudio\qml\qt_webrtc\client\x64\debug\client.tlog\link-cvtres.read.1.tlog
d:\source-code\projects\visualstudio\qml\qt_webrtc\client\x64\debug\client.tlog\link-cvtres.write.1.tlog
d:\source-code\projects\visualstudio\qml\qt_webrtc\client\x64\debug\client.tlog\link-rc.read.1.tlog
d:\source-code\projects\visualstudio\qml\qt_webrtc\client\x64\debug\client.tlog\link-rc.write.1.tlog
d:\source-code\projects\visualstudio\qml\qt_webrtc\client\x64\debug\client.tlog\link.13484-cvtres.read.1.tlog
d:\source-code\projects\visualstudio\qml\qt_webrtc\client\x64\debug\client.tlog\link.13484-cvtres.write.1.tlog
d:\source-code\projects\visualstudio\qml\qt_webrtc\client\x64\debug\client.tlog\link.13484-rc.read.1.tlog
d:\source-code\projects\visualstudio\qml\qt_webrtc\client\x64\debug\client.tlog\link.13484-rc.write.1.tlog
d:\source-code\projects\visualstudio\qml\qt_webrtc\client\x64\debug\client.tlog\link.13484.read.1.tlog
d:\source-code\projects\visualstudio\qml\qt_webrtc\client\x64\debug\client.tlog\link.13484.read.2.tlog
d:\source-code\projects\visualstudio\qml\qt_webrtc\client\x64\debug\client.tlog\link.13484.write.1.tlog
d:\source-code\projects\visualstudio\qml\qt_webrtc\client\x64\debug\client.tlog\link.command.1.tlog
d:\source-code\projects\visualstudio\qml\qt_webrtc\client\x64\debug\client.tlog\link.read.1.tlog
d:\source-code\projects\visualstudio\qml\qt_webrtc\client\x64\debug\client.tlog\link.read.2.tlog
d:\source-code\projects\visualstudio\qml\qt_webrtc\client\x64\debug\client.tlog\link.write.1.tlog
d:\source-code\projects\visualstudio\qml\qt_webrtc\client\x64\debug\client.tlog\moc.read.1u.tlog
d:\source-code\projects\visualstudio\qml\qt_webrtc\client\x64\debug\client.tlog\moc.write.1u.tlog
d:\source-code\projects\visualstudio\qml\qt_webrtc\client\x64\debug\client.tlog\rcc.read.1u.tlog
d:\source-code\projects\visualstudio\qml\qt_webrtc\client\x64\debug\client.tlog\rcc.write.1u.tlog
