d:\source-code\projects\visualstudio\qml\qt_webrtc\server\x64\debug\moc_client.obj
d:\source-code\projects\visualstudio\qml\qt_webrtc\server\x64\debug\moc_server.obj
d:\source-code\projects\visualstudio\qml\qt_webrtc\server\x64\debug\server.obj
d:\source-code\projects\visualstudio\qml\qt_webrtc\server\x64\debug\main.obj
d:\source-code\projects\visualstudio\qml\qt_webrtc\server\x64\debug\client.obj
d:\source-code\projects\visualstudio\qml\qt_webrtc\server\x64\debug\vc143.pdb
d:\source-code\projects\visualstudio\qml\qt_webrtc\x64\debug\server.ilk
d:\source-code\projects\visualstudio\qml\qt_webrtc\x64\debug\server.exe
d:\source-code\projects\visualstudio\qml\qt_webrtc\x64\debug\server.pdb
d:\source-code\projects\visualstudio\qml\qt_webrtc\server\x64\debug\moc\moc_client.cpp
d:\source-code\projects\visualstudio\qml\qt_webrtc\server\x64\debug\moc\moc_server.cpp
d:\source-code\projects\visualstudio\qml\qt_webrtc\server\x64\debug\server.tlog\cl.13888.write.1.tlog
d:\source-code\projects\visualstudio\qml\qt_webrtc\server\x64\debug\server.tlog\cl.command.1.tlog
d:\source-code\projects\visualstudio\qml\qt_webrtc\server\x64\debug\server.tlog\cl.items.tlog
d:\source-code\projects\visualstudio\qml\qt_webrtc\server\x64\debug\server.tlog\cl.read.1.tlog
d:\source-code\projects\visualstudio\qml\qt_webrtc\server\x64\debug\server.tlog\link.command.1.tlog
d:\source-code\projects\visualstudio\qml\qt_webrtc\server\x64\debug\server.tlog\link.read.1.tlog
d:\source-code\projects\visualstudio\qml\qt_webrtc\server\x64\debug\server.tlog\link.write.1.tlog
d:\source-code\projects\visualstudio\qml\qt_webrtc\server\x64\debug\server.tlog\moc.read.1u.tlog
d:\source-code\projects\visualstudio\qml\qt_webrtc\server\x64\debug\server.tlog\moc.write.1u.tlog
d:\source-code\projects\visualstudio\qml\qt_webrtc\server\x64\debug\server.tlog\server.write.1u.tlog
